CPM,uSv/h,Vcc
32,0.1006,5.24
fine loop
CPM,uSv/h,Vcc
32,0.1006,5.19
16,0.0503,5.21
36,0.1132,5.29
12,0.0377,5.21
8,0.0252,5.29
28,0.0881,5.29
36,0.1132,5.24
36,0.1132,5.24
32,0.1006,5.24
8,0.0252,5.19
20,0.0629,5.24
20,0.0629,5.24
36,0.1132,5.29
24,0.0755,5.21
32,0.1006,5.31
32,0.1006,5.24
36,0.1132,5.24
20,0.0629,5.24
24,0.0755,5.24
24,0.0755,5.24
8,0.0252,5.24
24,0.0755,5.24
48,0.1509,5.21
28,0.0881,5.21
44,0.1384,5.21
12,0.0377,5.24
36,0.1132,5.21
44,0.1384,5.24
16,0.0503,5.21
28,0.0881,5.26
12,0.0377,5.29
20,0.0629,5.24
44,0.1384,5.21
28,0.0881,5.21
12,0.0377,5.21
8,0.0252,5.24
24,0.0755,5.24
8,0.0252,5.24
16,0.0503,5.21
44,0.1384,5.29
16,0.0503,5.24
16,0.0503,5.21
28,0.0881,5.21
36,0.1132,5.21
28,0.0881,5.26
16,0.0503,5.19
40,0.1258,5.26
12,0.0377,5.21
36,0.1132,5.24
40,0.1258,5.19
28,0.0881,5.24
20,0.0629,5.24
32,0.1006,5.21
24,0.0755,5.29
32,0.1006,5.24
20,0.0629,5.21
36,0.1132,5.24
28,0.0881,5.21
28,0.0881,5.26
20,0.0629,5.17
12,0.0377,5.21
28,0.0881,5.21
20,0.0629,5.26
20,0.0629,5.21
28,0.0881,5.21
36,0.1132,5.24
20,0.0629,5.24
28,0.0881,5.19
28,0.0881,5.26
24,0.0755,5.29
20,0.0629,5.24
16,0.0503,5.24
40,0.1258,5.21
24,0.0755,5.24
8,0.0252,5.21
20,0.0629,5.24
16,0.0503,5.26
8,0.0252,5.21
16,0.0503,5.24
28,0.0881,5.24
20,0.0629,5.21
32,0.1006,5.19
24,0.0755,5.19
40,0.1258,5.21
20,0.0629,5.24
12,0.0377,5.24
16,0.0503,5.21
36,0.1132,5.21
16,0.0503,5.24
24,0.0755,5.29
40,0.1258,5.19
36,0.1132,5.24
20,0.0629,5.21
32,0.1006,5.31
32,0.1006,5.21
20,0.0629,5.21
24,0.0755,5.24
28,0.0881,5.21
24,0.0755,5.24
4,0.0126,5.21
20,0.0629,5.24
32,0.1006,5.26
20,0.0629,5.26
24,0.0755,5.29
32,0.1006,5.26
12,0.0377,5.24
40,0.1258,5.19
24,0.0755,5.29
40,0.1258,5.21
32,0.1006,5.26
16,0.0503,5.12
48,0.1509,5.24
12,0.0377,5.21
24,0.0755,5.24
12,0.0377,5.21
16,0.0503,5.21
20,0.0629,5.21
28,0.0881,5.19
24,0.0755,5.21
20,0.0629,5.21
16,0.0503,5.24
20,0.0629,5.21
32,0.1006,5.21
8,0.0252,5.21
16,0.0503,5.19
44,0.1384,5.21
40,0.1258,5.26
16,0.0503,5.21
28,0.0881,5.24
24,0.0755,5.21
36,0.1132,5.26
20,0.0629,5.24
36,0.1132,5.21
24,0.0755,5.24
28,0.0881,5.21
24,0.0755,5.26
24,0.0755,5.24
40,0.1258,5.21
20,0.0629,5.29
12,0.0377,5.26
20,0.0629,5.24
16,0.0503,5.24
20,0.0629,5.29
32,0.1006,5.21
24,0.0755,5.19
12,0.0377,5.24
48,0.1509,5.26
16,0.0503,5.24
24,0.0755,5.17
44,0.1384,5.31
32,0.1006,5.21
20,0.0629,5.24
8,0.0252,5.21
16,0.0503,5.19
32,0.1006,5.19
24,0.0755,5.21
36,0.1132,5.19
28,0.0881,5.24
24,0.0755,5.24
44,0.1384,5.24
28,0.0881,5.26
28,0.0881,5.21
28,0.0881,5.21
28,0.0881,5.24
24,0.0755,5.21
32,0.1006,5.24
12,0.0377,5.24
16,0.0503,5.24
8,0.0252,5.24
48,0.1509,5.26
32,0.1006,5.24
16,0.0503,5.26
12,0.0377,5.21
28,0.0881,5.24
36,0.1132,5.24
20,0.0629,5.12
36,0.1132,5.21
16,0.0503,5.21
24,0.0755,5.24
24,0.0755,5.29
16,0.0503,5.19
44,0.1384,5.24
24,0.0755,5.24
24,0.0755,5.19
16,0.0503,5.21
32,0.1006,5.24
24,0.0755,5.19
8,0.0252,5.26
24,0.0755,5.24
24,0.0755,5.29
28,0.0881,5.26
44,0.1384,5.26
24,0.0755,5.24
24,0.0755,5.24
16,0.0503,5.31
24,0.0755,5.24
40,0.1258,5.26
36,0.1132,5.21
20,0.0629,5.24
36,0.1132,5.24
28,0.0881,5.21
16,0.0503,5.24
8,0.0252,5.17
28,0.0881,5.21
32,0.1006,5.24
36,0.1132,5.24
12,0.0377,5.21
16,0.0503,5.19
20,0.0629,5.26
48,0.1509,5.21
12,0.0377,5.21
60,0.1887,5.19
28,0.0881,5.24
40,0.1258,5.24
16,0.0503,5.24
20,0.0629,5.24
20,0.0629,5.24
8,0.0252,5.24
16,0.0503,5.21
32,0.1006,5.26
8,0.0252,5.21
16,0.0503,5.21
28,0.0881,5.19
12,0.0377,5.24
16,0.0503,5.29
28,0.0881,5.29
32,0.1006,5.24
44,0.1384,5.24
36,0.1132,5.21
36,0.1132,5.24
40,0.1258,5.24
8,0.0252,5.24
28,0.0881,5.24
36,0.1132,5.26
12,0.0377,5.24
36,0.1132,5.24
28,0.0881,5.24
8,0.0252,5.24
32,0.1006,5.24
16,0.0503,5.21
12,0.0377,5.24
8,0.0252,5.26
20,0.0629,5.26
16,0.0503,5.24
36,0.1132,5.24
32,0.1006,5.29
32,0.1006,5.24
20,0.0629,5.26
32,0.1006,5.24
44,0.1384,5.24
16,0.0503,5.29
24,0.0755,5.26
20,0.0629,5.24
28,0.0881,5.21
28,0.0881,5.24
40,0.1258,5.21
12,0.0377,5.21
28,0.0881,5.24
20,0.0629,5.24
16,0.0503,5.24
16,0.0503,5.24
16,0.0503,5.19
44,0.1384,5.21
32,0.1006,5.21
28,0.0881,5.19
36,0.1132,5.24
32,0.1006,5.29
32,0.1006,5.24
36,0.1132,5.24
32,0.1006,5.26
32,0.1006,5.21
28,0.0881,5.19
16,0.0503,5.21
24,0.0755,5.29
24,0.0755,5.24
8,0.0252,5.26
32,0.1006,5.26
20,0.0629,5.21
24,0.0755,5.21
12,0.0377,5.21
20,0.0629,5.21
24,0.0755,5.19
20,0.0629,5.26
24,0.0755,5.17
28,0.0881,5.24
32,0.1006,5.21
36,0.1132,5.21
20,0.0629,5.24
32,0.1006,5.19
44,0.1384,5.21
16,0.0503,5.26
32,0.1006,5.21
20,0.0629,5.21
28,0.0881,5.21
32,0.1006,5.21
44,0.1384,5.26
12,0.0377,5.26
20,0.0629,5.24
24,0.0755,5.24
12,0.0377,5.19
20,0.0629,5.29
24,0.0755,5.26
24,0.0755,5.21
28,0.0881,5.17
24,0.0755,5.21
32,0.1006,5.26
32,0.1006,5.24
32,0.1006,5.24
20,0.0629,5.24
36,0.1132,5.24
20,0.0629,5.26
28,0.0881,5.26
8,0.0252,5.21
28,0.0881,5.24
20,0.0629,5.21
32,0.1006,5.24
8,0.0252,5.21
28,0.0881,5.21
4,0.0126,5.21
20,0.0629,5.24
12,0.0377,5.31
28,0.0881,5.24
16,0.0503,5.29
28,0.0881,5.24
16,0.0503,5.24
16,0.0503,5.17
20,0.0629,5.29
24,0.0755,5.21
36,0.1132,5.21
20,0.0629,5.24
52,0.1635,5.21
12,0.0377,5.24
28,0.0881,5.24
36,0.1132,5.24
20,0.0629,5.24
24,0.0755,5.21
36,0.1132,5.21
32,0.1006,5.31
44,0.1384,5.19
12,0.0377,5.17
20,0.0629,5.24
36,0.1132,5.24
28,0.0881,5.24
20,0.0629,5.19
12,0.0377,5.24
44,0.1384,5.19
32,0.1006,5.19
36,0.1132,5.21
44,0.1384,5.29
12,0.0377,5.24
24,0.0755,5.24
24,0.0755,5.24
28,0.0881,5.21
16,0.0503,5.24
28,0.0881,5.24
16,0.0503,5.24
24,0.0755,5.19
20,0.0629,5.21
20,0.0629,5.24
8,0.0252,5.24
16,0.0503,5.24
40,0.1258,5.24
16,0.0503,5.21
24,0.0755,5.19
12,0.0377,5.24
40,0.1258,5.24
32,0.1006,5.24
24,0.0755,5.19
28,0.0881,5.24
16,0.0503,5.24
16,0.0503,5.21
20,0.0629,5.26
12,0.0377,5.21
24,0.0755,5.19
40,0.1258,5.24
8,0.0252,5.24
20,0.0629,5.19
28,0.0881,5.19
28,0.0881,5.26
24,0.0755,5.21
16,0.0503,5.24
40,0.1258,5.24
36,0.1132,5.31
28,0.0881,5.19
28,0.0881,5.26
28,0.0881,5.24
16,0.0503,5.19
56,0.1761,5.21
32,0.1006,5.21
32,0.1006,5.29
40,0.1258,5.19
24,0.0755,5.26
20,0.0629,5.26
20,0.0629,5.24
28,0.0881,5.21
16,0.0503,5.21
28,0.0881,5.19
48,0.1509,5.21
28,0.0881,5.24
12,0.0377,5.24
12,0.0377,5.24
16,0.0503,5.24
32,0.1006,5.21
24,0.0755,5.24
28,0.0881,5.21
24,0.0755,5.26
8,0.0252,5.24
16,0.0503,5.24
20,0.0629,5.19
8,0.0252,5.24
40,0.1258,5.26
24,0.0755,5.19
24,0.0755,5.24
24,0.0755,5.21
44,0.1384,5.29
24,0.0755,5.19
36,0.1132,5.21
12,0.0377,5.24
24,0.0755,5.21
12,0.0377,5.21
28,0.0881,5.21
36,0.1132,5.21
16,0.0503,5.24
8,0.0252,5.24
44,0.1384,5.21
24,0.0755,5.21
40,0.1258,5.24
24,0.0755,5.26
24,0.0755,5.26
20,0.0629,5.19
8,0.0252,5.29
28,0.0881,5.24
24,0.0755,5.24
20,0.0629,5.21
24,0.0755,5.24
16,0.0503,5.29
20,0.0629,5.19
20,0.0629,5.24
40,0.1258,5.26
24,0.0755,5.21
24,0.0755,5.24
12,0.0377,5.21
36,0.1132,5.17
28,0.0881,5.21
20,0.0629,5.21
12,0.0377,5.26
40,0.1258,5.21
28,0.0881,5.29
48,0.1509,5.24
28,0.0881,5.21
24,0.0755,5.21
24,0.0755,5.19
32,0.1006,5.21
24,0.0755,5.19
32,0.1006,5.21
20,0.0629,5.21
24,0.0755,5.21
12,0.0377,5.19
24,0.0755,5.24
12,0.0377,5.24
24,0.0755,5.26
32,0.1006,5.21
28,0.0881,5.21
36,0.1132,5.24
4,0.0126,5.24
24,0.0755,5.21
44,0.1384,5.24
32,0.1006,5.21
24,0.0755,5.21
40,0.1258,5.26
20,0.0629,5.24
12,0.0377,5.19
36,0.1132,5.21
28,0.0881,5.19
24,0.0755,5.24
12,0.0377,5.21
28,0.0881,5.21
12,0.0377,5.21
16,0.0503,5.24
8,0.0252,5.21
20,0.0629,5.24
20,0.0629,5.21
36,0.1132,5.24
16,0.0503,5.21
24,0.0755,5.21
8,0.0252,5.21
36,0.1132,5.21
32,0.1006,5.26
20,0.0629,5.24
8,0.0252,5.21
20,0.0629,5.19
32,0.1006,5.21
48,0.1509,5.24
20,0.0629,5.26
12,0.0377,5.24
60,0.1887,5.24
32,0.1006,5.21
44,0.1384,5.21
8,0.0252,5.19
16,0.0503,5.19
20,0.0629,5.19
20,0.0629,5.21
28,0.0881,5.24
20,0.0629,5.24
24,0.0755,5.19
28,0.0881,5.19
48,0.1509,5.21
40,0.1258,5.19
12,0.0377,5.24
12,0.0377,5.21
28,0.0881,5.26
12,0.0377,5.21
20,0.0629,5.17
20,0.0629,5.19
20,0.0629,5.21
12,0.0377,5.21
28,0.0881,5.21
56,0.1761,5.24
16,0.0503,5.21
12,0.0377,5.24
16,0.0503,5.26
56,0.1761,5.19
32,0.1006,5.21
24,0.0755,5.19
12,0.0377,5.21
28,0.0881,5.26
24,0.0755,5.26
16,0.0503,5.24
28,0.0881,5.21
32,0.1006,5.24
8,0.0252,5.21
28,0.0881,5.24
36,0.1132,5.21
24,0.0755,5.24
32,0.1006,5.24
20,0.0629,5.17
20,0.0629,5.17
24,0.0755,5.21
40,0.1258,5.26
24,0.0755,5.21
40,0.1258,5.21
24,0.0755,5.26
24,0.0755,5.19
24,0.0755,5.21
28,0.0881,5.19
16,0.0503,5.21
20,0.0629,5.21
32,0.1006,5.21
20,0.0629,5.21
16,0.0503,5.24
12,0.0377,5.21
16,0.0503,5.24
24,0.0755,5.24
28,0.0881,5.24
24,0.0755,5.19
24,0.0755,5.24
20,0.0629,5.24
12,0.0377,5.19
40,0.1258,5.24
12,0.0377,5.21
24,0.0755,5.21
48,0.1509,5.21
12,0.0377,5.26
20,0.0629,5.19
20,0.0629,5.21
48,0.1509,5.24
28,0.0881,5.19
28,0.0881,5.21
16,0.0503,5.24
32,0.1006,5.24
28,0.0881,5.19
28,0.0881,5.21
24,0.0755,5.21
16,0.0503,5.19
40,0.1258,5.24
8,0.0252,5.17
28,0.0881,5.19
28,0.0881,5.24
20,0.0629,5.24
52,0.1635,5.24
36,0.1132,5.24
32,0.1006,5.21
20,0.0629,5.24
24,0.0755,5.24
8,0.0252,5.24
16,0.0503,5.24
20,0.0629,5.24
40,0.1258,5.24
20,0.0629,5.21
44,0.1384,5.21
12,0.0377,5.21
28,0.0881,5.21
8,0.0252,5.21
8,0.0252,5.21
20,0.0629,5.19
28,0.0881,5.21
28,0.0881,5.19
16,0.0503,5.24
36,0.1132,5.19
12,0.0377,5.21
12,0.0377,5.24
28,0.0881,5.17
12,0.0377,5.21
24,0.0755,5.21
28,0.0881,5.24
20,0.0629,5.21
20,0.0629,5.21
12,0.0377,5.19
40,0.1258,5.26
16,0.0503,5.21
16,0.0503,5.21
28,0.0881,5.21
20,0.0629,5.21
20,0.0629,5.24
16,0.0503,5.24
28,0.0881,5.24
8,0.0252,5.21
20,0.0629,5.24
20,0.0629,5.24
8,0.0252,5.21
40,0.1258,5.24
24,0.0755,5.17
28,0.0881,5.24
20,0.0629,5.21
32,0.1006,5.19
44,0.1384,5.21
20,0.0629,5.24
16,0.0503,5.19
44,0.1384,5.17
16,0.0503,5.24
28,0.0881,5.21
24,0.0755,5.17
8,0.0252,5.21
16,0.0503,5.24
16,0.0503,5.26
12,0.0377,5.24
28,0.0881,5.19
32,0.1006,5.24
44,0.1384,5.21
20,0.0629,5.24
16,0.0503,5.24
32,0.1006,5.24
44,0.1384,5.21
16,0.0503,5.21
44,0.1384,5.24
24,0.0755,5.21
24,0.0755,5.21
24,0.0755,5.26
20,0.0629,5.24
16,0.0503,5.19
28,0.0881,5.24
28,0.0881,5.21
40,0.1258,5.24
36,0.1132,5.19
24,0.0755,5.21
28,0.0881,5.21
32,0.1006,5.19
36,0.1132,5.24
24,0.0755,5.24
24,0.0755,5.19
20,0.0629,5.24
32,0.1006,5.24
24,0.0755,5.19
16,0.0503,5.24
8,0.0252,5.21
16,0.0503,5.21
32,0.1006,5.24
12,0.0377,5.19
28,0.0881,5.24
28,0.0881,5.24
20,0.0629,5.21
32,0.1006,5.26
24,0.0755,5.21
24,0.0755,5.21
12,0.0377,5.26
16,0.0503,5.24
16,0.0503,5.29
24,0.0755,5.24
20,0.0629,5.19
36,0.1132,5.24
24,0.0755,5.26
52,0.1635,5.31
16,0.0503,5.21
44,0.1384,5.21
40,0.1258,5.19
12,0.0377,5.24
16,0.0503,5.19
32,0.1006,5.29
20,0.0629,5.24
8,0.0252,5.21
28,0.0881,5.21
36,0.1132,5.26
36,0.1132,5.24
20,0.0629,5.24
24,0.0755,5.19
20,0.0629,5.24
fine loop
